Started GET "/" for 127.0.0.1 at 2018-05-21 20:32:55 -0400
Processing by ComplimentsController#index as HTML
  Rendering compliments/index.html.erb
  Rendered compliments/index.html.erb (2.5ms)
Completed 200 OK in 27ms (Views: 12.5ms | ActiveRecord: 0.0ms)


Started GET "/" for 127.0.0.1 at 2018-05-21 20:45:18 -0400
Processing by ComplimentsController#index as HTML
  Rendering compliments/index.html.erb
  Rendered compliments/index.html.erb (0.4ms)
Completed 200 OK in 7ms (Views: 3.5ms | ActiveRecord: 0.0ms)


Started GET "/" for 127.0.0.1 at 2018-05-21 20:48:45 -0400
Processing by ComplimentsController#index as HTML
  Rendering compliments/index.html.erb
  Rendered compliments/index.html.erb (923.2ms)
Completed 500 Internal Server Error in 932ms (ActiveRecord: 0.0ms)


  
ActionView::Template::Error (undefined local variable or method `root_path' for #<#<Class:0x00007f86ba309df8>:0x00007f86b868b960>
Did you mean?  font_path):
     6: 
     7: <p><%= @random_compliment %></p>
     8: 
     9: <%= link_to "I'm still emotionally vacant. Give me another compliment.", root_path %>
    10: <%= link_to "I'm ready to soldier on.", "http://guides.rubyonrails.org/index.html" %>
  
app/views/compliments/index.html.erb:9:in `_app_views_compliments_index_html_erb___312298191887428281_70108312626460'
Started GET "/planets/mars" for 127.0.0.1 at 2018-05-21 20:49:01 -0400
  
ActionController::RoutingError (No route matches [GET] "/planets/mars"):
  
actionpack (5.2.0) lib/action_dispatch/middleware/debug_exceptions.rb:65:in `call'
web-console (3.6.2) lib/web_console/middleware.rb:135:in `call_app'
web-console (3.6.2) lib/web_console/middleware.rb:30:in `block in call'
web-console (3.6.2) lib/web_console/middleware.rb:20:in `catch'
web-console (3.6.2) lib/web_console/middleware.rb:20:in `call'
actionpack (5.2.0) lib/action_dispatch/middleware/show_exceptions.rb:33:in `call'
railties (5.2.0) lib/rails/rack/logger.rb:38:in `call_app'
railties (5.2.0) lib/rails/rack/logger.rb:26:in `block in call'
activesupport (5.2.0) lib/active_support/tagged_logging.rb:71:in `block in tagged'
activesupport (5.2.0) lib/active_support/tagged_logging.rb:28:in `tagged'
activesupport (5.2.0) lib/active_support/tagged_logging.rb:71:in `tagged'
railties (5.2.0) lib/rails/rack/logger.rb:26:in `call'
sprockets-rails (3.2.1) lib/sprockets/rails/quiet_assets.rb:13:in `call'
actionpack (5.2.0) lib/action_dispatch/middleware/remote_ip.rb:81:in `call'
actionpack (5.2.0) lib/action_dispatch/middleware/request_id.rb:27:in `call'
rack (2.0.5) lib/rack/method_override.rb:22:in `call'
rack (2.0.5) lib/rack/runtime.rb:22:in `call'
activesupport (5.2.0) lib/active_support/cache/strategy/local_cache_middleware.rb:29:in `call'
actionpack (5.2.0) lib/action_dispatch/middleware/executor.rb:14:in `call'
actionpack (5.2.0) lib/action_dispatch/middleware/static.rb:127:in `call'
rack (2.0.5) lib/rack/sendfile.rb:111:in `call'
railties (5.2.0) lib/rails/engine.rb:524:in `call'
puma (3.11.4) lib/puma/configuration.rb:225:in `call'
puma (3.11.4) lib/puma/server.rb:632:in `handle_request'
puma (3.11.4) lib/puma/server.rb:446:in `process_client'
puma (3.11.4) lib/puma/server.rb:306:in `block in run'
puma (3.11.4) lib/puma/thread_pool.rb:120:in `block in spawn_thread'
Started GET "/" for 127.0.0.1 at 2018-05-21 20:49:09 -0400
Processing by ComplimentsController#index as HTML
  Rendering compliments/index.html.erb
  Rendered compliments/index.html.erb (249.4ms)
Completed 500 Internal Server Error in 254ms (ActiveRecord: 0.0ms)


  
ActionView::Template::Error (undefined local variable or method `root_path' for #<#<Class:0x00007f86ba309df8>:0x00007f86ba5150c0>
Did you mean?  font_path):
     6: 
     7: <p><%= @random_compliment %></p>
     8: 
     9: <%= link_to "I'm still emotionally vacant. Give me another compliment.", root_path %>
    10: <%= link_to "I'm ready to soldier on.", "http://guides.rubyonrails.org/index.html" %>
  
app/views/compliments/index.html.erb:9:in `_app_views_compliments_index_html_erb___312298191887428281_70108314121460'
Started GET "/" for 127.0.0.1 at 2018-05-21 20:50:37 -0400
  
ArgumentError (Missing :controller key on routes definition, please check your routes.):
  
config/routes.rb:4:in `block in <main>'
config/routes.rb:1:in `<main>'
Started GET "/" for 127.0.0.1 at 2018-05-21 20:51:04 -0400
Processing by ComplimentsController#index as HTML
  Rendering compliments/index.html.erb
  Rendered compliments/index.html.erb (4.5ms)
Completed 200 OK in 10ms (Views: 7.4ms | ActiveRecord: 0.0ms)


Started GET "/" for 127.0.0.1 at 2018-05-21 20:51:08 -0400
Processing by ComplimentsController#index as HTML
  Rendering compliments/index.html.erb
  Rendered compliments/index.html.erb (8.0ms)
Completed 200 OK in 15ms (Views: 11.0ms | ActiveRecord: 0.0ms)


Started GET "/" for 127.0.0.1 at 2018-05-21 20:51:11 -0400
Processing by ComplimentsController#index as HTML
  Rendering compliments/index.html.erb
  Rendered compliments/index.html.erb (5.0ms)
Completed 200 OK in 10ms (Views: 7.5ms | ActiveRecord: 0.0ms)


Started GET "/" for 127.0.0.1 at 2018-05-21 20:51:48 -0400
Processing by ComplimentsController#index as HTML
  Rendering compliments/index.html.erb
  Rendered compliments/index.html.erb (7.2ms)
Completed 200 OK in 15ms (Views: 11.1ms | ActiveRecord: 0.0ms)


Started GET "/" for 127.0.0.1 at 2018-05-21 20:51:50 -0400
Processing by ComplimentsController#index as HTML
  Rendering compliments/index.html.erb
  Rendered compliments/index.html.erb (6.8ms)
Completed 200 OK in 13ms (Views: 10.1ms | ActiveRecord: 0.0ms)


Started GET "/" for 127.0.0.1 at 2018-05-21 20:51:52 -0400
Processing by ComplimentsController#index as HTML
  Rendering compliments/index.html.erb
  Rendered compliments/index.html.erb (7.4ms)
Completed 200 OK in 13ms (Views: 10.3ms | ActiveRecord: 0.0ms)


Started GET "/" for 127.0.0.1 at 2018-05-21 20:51:53 -0400
Processing by ComplimentsController#index as HTML
  Rendering compliments/index.html.erb
  Rendered compliments/index.html.erb (7.5ms)
Completed 200 OK in 13ms (Views: 10.1ms | ActiveRecord: 0.0ms)


Started GET "/" for 127.0.0.1 at 2018-05-21 20:51:55 -0400
Processing by ComplimentsController#index as HTML
  Rendering compliments/index.html.erb
  Rendered compliments/index.html.erb (5.6ms)
Completed 200 OK in 11ms (Views: 8.7ms | ActiveRecord: 0.0ms)


Started GET "/" for 127.0.0.1 at 2018-05-21 20:52:53 -0400
Processing by ComplimentsController#index as HTML
  Rendering compliments/index.html.erb
  Rendered compliments/index.html.erb (11.7ms)
Completed 200 OK in 17ms (Views: 14.2ms | ActiveRecord: 0.0ms)


Started GET "/" for 127.0.0.1 at 2018-05-21 20:52:57 -0400
Processing by ComplimentsController#index as HTML
  Rendering compliments/index.html.erb
  Rendered compliments/index.html.erb (4.7ms)
Completed 200 OK in 10ms (Views: 7.4ms | ActiveRecord: 0.0ms)


Started GET "/" for 127.0.0.1 at 2018-05-21 20:56:59 -0400
Processing by ComplimentsController#index as HTML
  Rendering compliments/index.html.erb
  Rendered compliments/index.html.erb (14.2ms)
Completed 200 OK in 20ms (Views: 16.6ms | ActiveRecord: 0.0ms)


Started GET "/" for 127.0.0.1 at 2018-05-21 20:57:01 -0400
Processing by ComplimentsController#index as HTML
  Rendering compliments/index.html.erb
  Rendered compliments/index.html.erb (8.1ms)
Completed 200 OK in 14ms (Views: 11.2ms | ActiveRecord: 0.0ms)


Started GET "/" for 127.0.0.1 at 2018-05-21 20:57:03 -0400
Processing by ComplimentsController#index as HTML
  Rendering compliments/index.html.erb
  Rendered compliments/index.html.erb (9.8ms)
Completed 200 OK in 15ms (Views: 12.8ms | ActiveRecord: 0.0ms)


Started GET "/" for 127.0.0.1 at 2018-05-21 21:01:49 -0400
Processing by ComplimentsController#index as HTML
  Rendering compliments/index.html.erb
  Rendered compliments/index.html.erb (12.3ms)
Completed 200 OK in 19ms (Views: 15.3ms | ActiveRecord: 0.0ms)


Started GET "/" for 127.0.0.1 at 2018-05-21 21:03:24 -0400
Processing by ComplimentsController#index as HTML
  Rendering compliments/index.html.erb
  Rendered compliments/index.html.erb (13.1ms)
Completed 200 OK in 18ms (Views: 15.9ms | ActiveRecord: 0.0ms)


Started GET "/" for 127.0.0.1 at 2018-05-21 21:03:26 -0400
Processing by ComplimentsController#index as HTML
  Rendering compliments/index.html.erb
  Rendered compliments/index.html.erb (6.4ms)
Completed 200 OK in 12ms (Views: 9.2ms | ActiveRecord: 0.0ms)


Started GET "/" for 127.0.0.1 at 2018-05-21 21:04:41 -0400
Processing by ComplimentsController#index as HTML
  Rendering compliments/index.html.erb
  Rendered compliments/index.html.erb (15.5ms)
Completed 200 OK in 20ms (Views: 17.9ms | ActiveRecord: 0.0ms)


Started GET "/" for 127.0.0.1 at 2018-05-21 21:04:56 -0400
Processing by ComplimentsController#index as HTML
  Rendering compliments/index.html.erb
  Rendered compliments/index.html.erb (8.1ms)
Completed 200 OK in 13ms (Views: 10.7ms | ActiveRecord: 0.0ms)


Started GET "/" for 127.0.0.1 at 2018-05-21 21:05:22 -0400
Processing by ComplimentsController#index as HTML
  Rendering compliments/index.html.erb
  Rendered compliments/index.html.erb (15.6ms)
Completed 200 OK in 21ms (Views: 18.4ms | ActiveRecord: 0.0ms)


Started GET "/" for 127.0.0.1 at 2018-05-21 21:05:35 -0400
Processing by ComplimentsController#index as HTML
  Rendering compliments/index.html.erb
  Rendered compliments/index.html.erb (18.1ms)
Completed 200 OK in 24ms (Views: 21.3ms | ActiveRecord: 0.0ms)


Started GET "/" for 127.0.0.1 at 2018-05-21 21:05:51 -0400
Processing by ComplimentsController#index as HTML
  Rendering compliments/index.html.erb
  Rendered compliments/index.html.erb (10.4ms)
Completed 200 OK in 18ms (Views: 14.7ms | ActiveRecord: 0.0ms)


Started GET "/" for 127.0.0.1 at 2018-05-21 21:06:10 -0400
Processing by ComplimentsController#index as HTML
  Rendering compliments/index.html.erb
  Rendered compliments/index.html.erb (14.7ms)
Completed 200 OK in 20ms (Views: 17.3ms | ActiveRecord: 0.0ms)


Started GET "/" for 127.0.0.1 at 2018-05-21 21:07:11 -0400
Processing by ComplimentsController#index as HTML
  Rendering compliments/index.html.erb
  Rendered compliments/index.html.erb (6.4ms)
Completed 200 OK in 11ms (Views: 8.8ms | ActiveRecord: 0.0ms)


Started GET "/" for 127.0.0.1 at 2018-05-21 21:07:58 -0400
Processing by ComplimentsController#index as HTML
  Rendering compliments/index.html.erb
  Rendered compliments/index.html.erb (16.3ms)
Completed 200 OK in 23ms (Views: 19.3ms | ActiveRecord: 0.0ms)


Started GET "/" for 127.0.0.1 at 2018-05-21 21:09:10 -0400
Processing by ComplimentsController#index as HTML
  Rendering compliments/index.html.erb
  Rendered compliments/index.html.erb (11.5ms)
Completed 200 OK in 17ms (Views: 14.0ms | ActiveRecord: 0.0ms)


Started GET "/" for 127.0.0.1 at 2018-05-21 21:09:44 -0400
Processing by ComplimentsController#index as HTML
  Rendering compliments/index.html.erb
  Rendered compliments/index.html.erb (14.2ms)
Completed 200 OK in 19ms (Views: 16.6ms | ActiveRecord: 0.0ms)


Started GET "/" for 127.0.0.1 at 2018-05-21 21:10:54 -0400
Processing by ComplimentsController#index as HTML
  Rendering compliments/index.html.erb
  Rendered compliments/index.html.erb (20.7ms)
Completed 200 OK in 26ms (Views: 23.8ms | ActiveRecord: 0.0ms)


Started GET "/" for 127.0.0.1 at 2018-05-21 21:37:19 -0400
Processing by ComplimentsController#index as HTML
  Rendering compliments/index.html.erb
  Rendered compliments/index.html.erb (9.7ms)
Completed 200 OK in 15ms (Views: 12.0ms | ActiveRecord: 0.0ms)


Started GET "/" for 127.0.0.1 at 2018-05-21 21:37:21 -0400
Processing by ComplimentsController#index as HTML
  Rendering compliments/index.html.erb
  Rendered compliments/index.html.erb (8.8ms)
Completed 200 OK in 14ms (Views: 11.6ms | ActiveRecord: 0.0ms)


Started GET "/" for 127.0.0.1 at 2018-05-21 21:37:22 -0400
Processing by ComplimentsController#index as HTML
  Rendering compliments/index.html.erb
  Rendered compliments/index.html.erb (7.9ms)
Completed 200 OK in 13ms (Views: 10.5ms | ActiveRecord: 0.0ms)


Started GET "/" for 127.0.0.1 at 2018-05-21 21:37:23 -0400
Processing by ComplimentsController#index as HTML
  Rendering compliments/index.html.erb
  Rendered compliments/index.html.erb (4.3ms)
Completed 200 OK in 10ms (Views: 7.1ms | ActiveRecord: 0.0ms)


Started GET "/" for 127.0.0.1 at 2018-05-21 21:37:32 -0400
Processing by ComplimentsController#index as HTML
  Rendering compliments/index.html.erb
  Rendered compliments/index.html.erb (12.2ms)
Completed 200 OK in 21ms (Views: 15.2ms | ActiveRecord: 0.0ms)


Started GET "/" for 127.0.0.1 at 2018-05-21 21:37:34 -0400
Processing by ComplimentsController#index as HTML
  Rendering compliments/index.html.erb
  Rendered compliments/index.html.erb (8.3ms)
Completed 200 OK in 14ms (Views: 11.2ms | ActiveRecord: 0.0ms)


Started GET "/" for 127.0.0.1 at 2018-05-21 21:37:35 -0400
Processing by ComplimentsController#index as HTML
  Rendering compliments/index.html.erb
  Rendered compliments/index.html.erb (10.8ms)
Completed 200 OK in 16ms (Views: 13.5ms | ActiveRecord: 0.0ms)


Started GET "/" for 127.0.0.1 at 2018-05-21 21:37:46 -0400
Processing by ComplimentsController#index as HTML
  Rendering compliments/index.html.erb
  Rendered compliments/index.html.erb (13.4ms)
Completed 200 OK in 19ms (Views: 16.0ms | ActiveRecord: 0.0ms)


Started GET "/" for 127.0.0.1 at 2018-05-21 21:37:47 -0400
Processing by ComplimentsController#index as HTML
  Rendering compliments/index.html.erb
  Rendered compliments/index.html.erb (7.5ms)
Completed 200 OK in 14ms (Views: 10.5ms | ActiveRecord: 0.0ms)


Started GET "/" for 127.0.0.1 at 2018-05-21 21:37:48 -0400
Processing by ComplimentsController#index as HTML
  Rendering compliments/index.html.erb
  Rendered compliments/index.html.erb (3.4ms)
Completed 200 OK in 10ms (Views: 6.6ms | ActiveRecord: 0.0ms)


Started GET "/" for 127.0.0.1 at 2018-05-21 21:37:49 -0400
Processing by ComplimentsController#index as HTML
  Rendering compliments/index.html.erb
  Rendered compliments/index.html.erb (4.6ms)
Completed 200 OK in 10ms (Views: 7.2ms | ActiveRecord: 0.0ms)


Started GET "/" for 127.0.0.1 at 2018-05-21 21:39:10 -0400
Processing by ComplimentsController#index as HTML
  Rendering compliments/index.html.erb
  Rendered compliments/index.html.erb (9.8ms)
Completed 200 OK in 15ms (Views: 12.2ms | ActiveRecord: 0.0ms)


Started GET "/" for 127.0.0.1 at 2018-05-21 21:39:11 -0400
Processing by ComplimentsController#index as HTML
  Rendering compliments/index.html.erb
  Rendered compliments/index.html.erb (6.4ms)
Completed 200 OK in 12ms (Views: 9.1ms | ActiveRecord: 0.0ms)


Started GET "/" for 127.0.0.1 at 2018-05-21 21:39:12 -0400
Processing by ComplimentsController#index as HTML
  Rendering compliments/index.html.erb
  Rendered compliments/index.html.erb (5.9ms)
Completed 200 OK in 12ms (Views: 8.4ms | ActiveRecord: 0.0ms)


Started GET "/" for 127.0.0.1 at 2018-05-21 21:39:13 -0400
Processing by ComplimentsController#index as HTML
  Rendering compliments/index.html.erb
  Rendered compliments/index.html.erb (3.5ms)
Completed 200 OK in 9ms (Views: 6.5ms | ActiveRecord: 0.0ms)


Started GET "/" for 127.0.0.1 at 2018-05-21 21:40:29 -0400
Processing by ComplimentsController#index as HTML
  Rendering compliments/index.html.erb
  Rendered compliments/index.html.erb (5.2ms)
Completed 200 OK in 10ms (Views: 7.7ms | ActiveRecord: 0.0ms)


Started GET "/krista" for 127.0.0.1 at 2018-05-21 21:43:50 -0400
Processing by ComplimentsController#show as HTML
  Parameters: {"name"=>"krista"}
  Rendering compliments/show.html.erb
  Rendered compliments/show.html.erb (4.9ms)
Completed 200 OK in 10ms (Views: 7.2ms | ActiveRecord: 0.0ms)


Started GET "/" for 127.0.0.1 at 2018-05-21 21:44:02 -0400
Processing by ComplimentsController#index as HTML
  Rendering compliments/index.html.erb
  Rendered compliments/index.html.erb (3.5ms)
Completed 200 OK in 9ms (Views: 5.4ms | ActiveRecord: 0.0ms)


Started GET "/" for 127.0.0.1 at 2018-05-21 21:44:04 -0400
Processing by ComplimentsController#index as HTML
  Rendering compliments/index.html.erb
  Rendered compliments/index.html.erb (7.7ms)
Completed 200 OK in 13ms (Views: 10.4ms | ActiveRecord: 0.0ms)


Started GET "/" for 127.0.0.1 at 2018-05-21 21:44:06 -0400
Processing by ComplimentsController#index as HTML
  Rendering compliments/index.html.erb
  Rendered compliments/index.html.erb (6.0ms)
Completed 200 OK in 12ms (Views: 8.8ms | ActiveRecord: 0.0ms)


Started GET "/" for 127.0.0.1 at 2018-05-21 21:44:08 -0400
Processing by ComplimentsController#index as HTML
  Rendering compliments/index.html.erb
  Rendered compliments/index.html.erb (5.4ms)
Completed 200 OK in 12ms (Views: 8.1ms | ActiveRecord: 0.0ms)


Started GET "/" for 127.0.0.1 at 2018-05-21 21:44:09 -0400
Processing by ComplimentsController#index as HTML
  Rendering compliments/index.html.erb
  Rendered compliments/index.html.erb (6.4ms)
Completed 200 OK in 14ms (Views: 9.6ms | ActiveRecord: 0.0ms)


Started GET "/" for 127.0.0.1 at 2018-05-21 21:44:10 -0400
Processing by ComplimentsController#index as HTML
  Rendering compliments/index.html.erb
  Rendered compliments/index.html.erb (7.0ms)
Completed 200 OK in 13ms (Views: 9.5ms | ActiveRecord: 0.0ms)


Started GET "/" for 127.0.0.1 at 2018-05-21 21:44:11 -0400
Processing by ComplimentsController#index as HTML
  Rendering compliments/index.html.erb
  Rendered compliments/index.html.erb (6.1ms)
Completed 200 OK in 12ms (Views: 8.9ms | ActiveRecord: 0.0ms)


Started GET "/liam" for 127.0.0.1 at 2018-05-21 21:44:19 -0400
Processing by ComplimentsController#show as HTML
  Parameters: {"name"=>"liam"}
  Rendering compliments/show.html.erb
  Rendered compliments/show.html.erb (3.7ms)
Completed 200 OK in 8ms (Views: 5.9ms | ActiveRecord: 0.0ms)


Started GET "/" for 127.0.0.1 at 2018-05-21 21:44:22 -0400
Processing by ComplimentsController#index as HTML
  Rendering compliments/index.html.erb
  Rendered compliments/index.html.erb (6.5ms)
Completed 200 OK in 12ms (Views: 9.5ms | ActiveRecord: 0.0ms)


Started GET "/liam" for 127.0.0.1 at 2018-05-21 21:44:31 -0400
Processing by ComplimentsController#show as HTML
  Parameters: {"name"=>"liam"}
  Rendering compliments/show.html.erb
  Rendered compliments/show.html.erb (6.5ms)
Completed 200 OK in 11ms (Views: 8.5ms | ActiveRecord: 0.0ms)


Started GET "/" for 127.0.0.1 at 2018-05-21 21:44:35 -0400
Processing by ComplimentsController#index as HTML
  Rendering compliments/index.html.erb
  Rendered compliments/index.html.erb (5.3ms)
Completed 200 OK in 11ms (Views: 7.5ms | ActiveRecord: 0.0ms)


Started GET "/liam" for 127.0.0.1 at 2018-05-21 21:45:47 -0400
Processing by ComplimentsController#show as HTML
  Parameters: {"name"=>"liam"}
  Rendering compliments/show.html.erb
  Rendered compliments/show.html.erb (6.6ms)
Completed 200 OK in 12ms (Views: 9.3ms | ActiveRecord: 0.0ms)


Started GET "/compliments/index/:name" for 127.0.0.1 at 2018-05-21 21:45:48 -0400
  
ActionController::RoutingError (No route matches [GET] "/compliments/index/:name"):
  
actionpack (5.2.0) lib/action_dispatch/middleware/debug_exceptions.rb:65:in `call'
web-console (3.6.2) lib/web_console/middleware.rb:135:in `call_app'
web-console (3.6.2) lib/web_console/middleware.rb:30:in `block in call'
web-console (3.6.2) lib/web_console/middleware.rb:20:in `catch'
web-console (3.6.2) lib/web_console/middleware.rb:20:in `call'
actionpack (5.2.0) lib/action_dispatch/middleware/show_exceptions.rb:33:in `call'
railties (5.2.0) lib/rails/rack/logger.rb:38:in `call_app'
railties (5.2.0) lib/rails/rack/logger.rb:26:in `block in call'
activesupport (5.2.0) lib/active_support/tagged_logging.rb:71:in `block in tagged'
activesupport (5.2.0) lib/active_support/tagged_logging.rb:28:in `tagged'
activesupport (5.2.0) lib/active_support/tagged_logging.rb:71:in `tagged'
railties (5.2.0) lib/rails/rack/logger.rb:26:in `call'
sprockets-rails (3.2.1) lib/sprockets/rails/quiet_assets.rb:13:in `call'
actionpack (5.2.0) lib/action_dispatch/middleware/remote_ip.rb:81:in `call'
actionpack (5.2.0) lib/action_dispatch/middleware/request_id.rb:27:in `call'
rack (2.0.5) lib/rack/method_override.rb:22:in `call'
rack (2.0.5) lib/rack/runtime.rb:22:in `call'
activesupport (5.2.0) lib/active_support/cache/strategy/local_cache_middleware.rb:29:in `call'
actionpack (5.2.0) lib/action_dispatch/middleware/executor.rb:14:in `call'
actionpack (5.2.0) lib/action_dispatch/middleware/static.rb:127:in `call'
rack (2.0.5) lib/rack/sendfile.rb:111:in `call'
railties (5.2.0) lib/rails/engine.rb:524:in `call'
puma (3.11.4) lib/puma/configuration.rb:225:in `call'
puma (3.11.4) lib/puma/server.rb:632:in `handle_request'
puma (3.11.4) lib/puma/server.rb:446:in `process_client'
puma (3.11.4) lib/puma/server.rb:306:in `block in run'
puma (3.11.4) lib/puma/thread_pool.rb:120:in `block in spawn_thread'
Started GET "/liam" for 127.0.0.1 at 2018-05-21 21:45:52 -0400
Processing by ComplimentsController#show as HTML
  Parameters: {"name"=>"liam"}
  Rendering compliments/show.html.erb
  Rendered compliments/show.html.erb (3.3ms)
Completed 200 OK in 8ms (Views: 5.6ms | ActiveRecord: 0.0ms)


Started GET "/liam" for 127.0.0.1 at 2018-05-21 21:46:36 -0400
Processing by ComplimentsController#show as HTML
  Parameters: {"name"=>"liam"}
  Rendering compliments/show.html.erb
  Rendered compliments/show.html.erb (1.3ms)
Completed 500 Internal Server Error in 8ms (ActiveRecord: 0.0ms)


  
SyntaxError (/Users/triviso/Desktop/code/wdi/rails-emergency-compliment/emergency_compliment/app/views/compliments/show.html.erb:12: unmatched close parenthesis: /<%= @name );@output_buffer.safe_append=' %>
    '.freeze;@output_buffer.append=( link_to "I'm ready to soldier on.", "http:/
/Users/triviso/Desktop/code/wdi/rails-emergency-compliment/emergency_compliment/app/views/compliments/show.html.erb:12: syntax error, unexpected tSTRING_BEG, expecting ')'
...des.rubyonrails.org/index.html" );@output_buffer.safe_append...
...                              ^
/Users/triviso/Desktop/code/wdi/rails-emergency-compliment/emergency_compliment/app/views/compliments/show.html.erb:20: unterminated string meets end of file
          end
             ^
/Users/triviso/Desktop/code/wdi/rails-emergency-compliment/emergency_compliment/app/views/compliments/show.html.erb:20: syntax error, unexpected end-of-input, expecting ')'
          end
             ^):
  
app/views/compliments/show.html.erb:12: unmatched close parenthesis: /<%= @name );@output_buffer.safe_append=' %>
app/views/compliments/show.html.erb:12: syntax error, unexpected tSTRING_BEG, expecting ')'
app/views/compliments/show.html.erb:20: unterminated string meets end of file
app/views/compliments/show.html.erb:20: syntax error, unexpected end-of-input, expecting ')'
Started GET "/liam" for 127.0.0.1 at 2018-05-21 21:46:42 -0400
Processing by ComplimentsController#show as HTML
  Parameters: {"name"=>"liam"}
  Rendering compliments/show.html.erb
  Rendered compliments/show.html.erb (18.0ms)
Completed 500 Internal Server Error in 23ms (ActiveRecord: 0.0ms)


  
SyntaxError (/Users/triviso/Desktop/code/wdi/rails-emergency-compliment/emergency_compliment/app/views/compliments/show.html.erb:11: syntax error, unexpected '>'
...output_buffer.safe_append=' "%>
...                              ^
/Users/triviso/Desktop/code/wdi/rails-emergency-compliment/emergency_compliment/app/views/compliments/show.html.erb:12: syntax error, unexpected tIDENTIFIER, expecting ')'
...ut_buffer.append=( link_to "I'm ready to soldier on.", "http...
...                              ^
/Users/triviso/Desktop/code/wdi/rails-emergency-compliment/emergency_compliment/app/views/compliments/show.html.erb:12: syntax error, unexpected tSTRING_BEG, expecting '('
...k_to "I'm ready to soldier on.", "http://guides.rubyonrails....
...                              ^
/Users/triviso/Desktop/code/wdi/rails-emergency-compliment/emergency_compliment/app/views/compliments/show.html.erb:12: syntax error, unexpected tIDENTIFIER, expecting ')'
...'m ready to soldier on.", "http://guides.rubyonrails.org/ind...
...                           ^~~~
/Users/triviso/Desktop/code/wdi/rails-emergency-compliment/emergency_compliment/app/views/compliments/show.html.erb:12: unknown regexp options - gd
/Users/triviso/Desktop/code/wdi/rails-emergency-compliment/emergency_compliment/app/views/compliments/show.html.erb:12: syntax error, unexpected tSTRING_BEG, expecting ')'
...des.rubyonrails.org/index.html" );@output_buffer.safe_append...
...                              ^
/Users/triviso/Desktop/code/wdi/rails-emergency-compliment/emergency_compliment/app/views/compliments/show.html.erb:20: unterminated string meets end of file
          end
             ^
/Users/triviso/Desktop/code/wdi/rails-emergency-compliment/emergency_compliment/app/views/compliments/show.html.erb:20: syntax error, unexpected end-of-input, expecting ')'
          end
             ^):
  
app/views/compliments/show.html.erb:11: syntax error, unexpected '>'
app/views/compliments/show.html.erb:12: syntax error, unexpected tIDENTIFIER, expecting ')'
app/views/compliments/show.html.erb:12: syntax error, unexpected tSTRING_BEG, expecting '('
app/views/compliments/show.html.erb:12: syntax error, unexpected tIDENTIFIER, expecting ')'
app/views/compliments/show.html.erb:12: unknown regexp options - gd
app/views/compliments/show.html.erb:12: syntax error, unexpected tSTRING_BEG, expecting ')'
app/views/compliments/show.html.erb:20: unterminated string meets end of file
app/views/compliments/show.html.erb:20: syntax error, unexpected end-of-input, expecting ')'
Started GET "/liam" for 127.0.0.1 at 2018-05-21 21:54:29 -0400
Processing by ComplimentsController#show as HTML
  Parameters: {"name"=>"liam"}
  Rendering compliments/show.html.erb
  Rendered compliments/show.html.erb (6.0ms)
Completed 200 OK in 11ms (Views: 8.4ms | ActiveRecord: 0.0ms)


Started GET "/liam" for 127.0.0.1 at 2018-05-21 21:54:31 -0400
Processing by ComplimentsController#show as HTML
  Parameters: {"name"=>"liam"}
  Rendering compliments/show.html.erb
  Rendered compliments/show.html.erb (6.1ms)
Completed 200 OK in 12ms (Views: 8.8ms | ActiveRecord: 0.0ms)


Started GET "/liam" for 127.0.0.1 at 2018-05-21 21:55:09 -0400
Processing by ComplimentsController#show as HTML
  Parameters: {"name"=>"liam"}
  Rendering compliments/show.html.erb
  Rendered compliments/show.html.erb (5.5ms)
Completed 200 OK in 11ms (Views: 8.2ms | ActiveRecord: 0.0ms)


Started GET "/liam" for 127.0.0.1 at 2018-05-21 21:55:11 -0400
Processing by ComplimentsController#show as HTML
  Parameters: {"name"=>"liam"}
  Rendering compliments/show.html.erb
  Rendered compliments/show.html.erb (5.5ms)
Completed 200 OK in 14ms (Views: 9.7ms | ActiveRecord: 0.0ms)


Started GET "/liam" for 127.0.0.1 at 2018-05-21 21:55:12 -0400
Processing by ComplimentsController#show as HTML
  Parameters: {"name"=>"liam"}
  Rendering compliments/show.html.erb
  Rendered compliments/show.html.erb (6.4ms)
Completed 200 OK in 13ms (Views: 9.7ms | ActiveRecord: 0.0ms)


